Arguments: 
  /usr/local/bin/node /usr/local/bin/yarn add angular-mesages

PATH: 
  /home/notebook/.zinit/polaris/bin:/usr/local/sbin:/usr/local/bin:/usr/sbin:/usr/bin:/sbin:/bin:/usr/games:/usr/local/games:/home/notebook/Android/Sdk/tools:/home/notebook/Android/Sdk/platform-tool

Yarn version: 
  1.22.10

Node version: 
  12.18.3

Platform: 
  linux x64

Trace: 
  Error: https://registry.yarnpkg.com/angular-mesages: Not found
      at Request.params.callback [as _callback] (/usr/local/lib/node_modules/yarn/lib/cli.js:66988:18)
      at Request.self.callback (/usr/local/lib/node_modules/yarn/lib/cli.js:140662:22)
      at Request.emit (events.js:315:20)
      at Request.<anonymous> (/usr/local/lib/node_modules/yarn/lib/cli.js:141634:10)
      at Request.emit (events.js:315:20)
      at IncomingMessage.<anonymous> (/usr/local/lib/node_modules/yarn/lib/cli.js:141556:12)
      at Object.onceWrapper (events.js:421:28)
      at IncomingMessage.emit (events.js:327:22)
      at endReadableNT (_stream_readable.js:1220:12)
      at processTicksAndRejections (internal/process/task_queues.js:84:21)

npm manifest: 
  {
    "name": "angular-teste",
    "version": "1.0.0",
    "main": "index.js",
    "repository": "https://github.com/CostaPedroHenrique/lista-telefonica",
    "author": "CostaPedroHenrique <devpedrohenrique@gmail.com>",
    "license": "MIT",
    "dependencies": {
      "angular": "1.7.9",
      "angular-locale-pt-br": "^1.3.16"
    }
  }

yarn manifest: 
  No manifest

Lockfile: 
  # THIS IS AN AUTOGENERATED FILE. DO NOT EDIT THIS FILE DIRECTLY.
  # yarn lockfile v1
  
  
  angular-locale-pt-br@^1.3.16:
    version "1.3.16"
    resolved "https://registry.yarnpkg.com/angular-locale-pt-br/-/angular-locale-pt-br-1.3.16.tgz#9c4b43571832f6e1d23b075cb60ca2af295c1fb5"
    integrity sha512-UIlnWcZUA79sX92IcyGKpcD4CB38G9XFgAqXngqEKaKTCBcH8rO59iv5Fa53nPYczJcR9fJTLCHEOnV+cYX5BA==
  
  angular@1.7.9:
    version "1.7.9"
    resolved "https://registry.yarnpkg.com/angular/-/angular-1.7.9.tgz#e52616e8701c17724c3c238cfe4f9446fd570bc4"
    integrity sha512-5se7ZpcOtu0MBFlzGv5dsM1quQDoDeUTwZrWjGtTNA7O88cD8TEk5IEKCTDa3uECV9XnvKREVUr7du1ACiWGFQ==
